{
  "RSpec": {
    "coverage": {
      "/Users/markfletcher/challenges/apex/app/models/user.rb": [
        1,
        null,
        null,
        1,
        null,
        1,
        null,
        null
      ],
      "/Users/markfletcher/challenges/apex/app/helpers/application_helper.rb": [
        1,
        null
      ],
      "/Users/markfletcher/challenges/apex/app/controllers/application_controller.rb": [
        1,
        null,
        null,
        1,
        1,
        null,
        1,
        6,
        6,
        null,
        null,
        null,
        null
      ],
      "/Users/markfletcher/challenges/apex/app/controllers/users_controller.rb": [
        1,
        1,
        null,
        null,
        null,
        1,
        0,
        null,
        null
      ]
    },
    "timestamp": 1453144158
  }
}
